29-Dec-2025 12:12:41.965 INFO [main] org.apache.catalina.core.ApplicationContext.log ContextListener: contextInitialized()
29-Dec-2025 12:12:41.965 INFO [main] org.apache.catalina.core.ApplicationContext.log SessionListener: contextInitialized()
29-Dec-2025 12:12:41.966 INFO [main] org.apache.catalina.core.ApplicationContext.log ContextListener: attributeAdded('StockTicker', 'async.Stockticker@32c08610')
29-Dec-2025 12:21:51.607 INFO [main] org.apache.catalina.core.ApplicationContext.log ContextListener: contextInitialized()
29-Dec-2025 12:21:51.607 INFO [main] org.apache.catalina.core.ApplicationContext.log SessionListener: contextInitialized()
29-Dec-2025 12:21:51.610 INFO [main] org.apache.catalina.core.ApplicationContext.log ContextListener: attributeAdded('StockTicker', 'async.Stockticker@4866a755')
29-Dec-2025 12:21:51.736 INFO [main] org.apache.catalina.core.ApplicationContext.log SessionListener: contextDestroyed()
29-Dec-2025 12:21:51.736 INFO [main] org.apache.catalina.core.ApplicationContext.log ContextListener: contextDestroyed()
29-Dec-2025 12:27:30.048 INFO [main] org.apache.catalina.core.ApplicationContext.log ContextListener: contextInitialized()
29-Dec-2025 12:27:30.048 INFO [main] org.apache.catalina.core.ApplicationContext.log SessionListener: contextInitialized()
29-Dec-2025 12:27:30.049 INFO [main] org.apache.catalina.core.ApplicationContext.log ContextListener: attributeAdded('StockTicker', 'async.Stockticker@4866a755')
29-Dec-2025 12:27:30.142 INFO [main] org.apache.catalina.core.ApplicationContext.log SessionListener: contextDestroyed()
29-Dec-2025 12:27:30.142 INFO [main] org.apache.catalina.core.ApplicationContext.log ContextListener: contextDestroyed()
29-Dec-2025 12:35:15.498 INFO [main] org.apache.catalina.core.ApplicationContext.log ContextListener: contextInitialized()
29-Dec-2025 12:35:15.498 INFO [main] org.apache.catalina.core.ApplicationContext.log SessionListener: contextInitialized()
29-Dec-2025 12:35:15.499 INFO [main] org.apache.catalina.core.ApplicationContext.log ContextListener: attributeAdded('StockTicker', 'async.Stockticker@45c2c396')
29-Dec-2025 12:41:03.338 INFO [main] org.apache.catalina.core.ApplicationContext.log SessionListener: contextDestroyed()
29-Dec-2025 12:41:03.338 INFO [main] org.apache.catalina.core.ApplicationContext.log ContextListener: contextDestroyed()
29-Dec-2025 12:41:22.552 INFO [main] org.apache.catalina.core.ApplicationContext.log ContextListener: contextInitialized()
29-Dec-2025 12:41:22.552 INFO [main] org.apache.catalina.core.ApplicationContext.log SessionListener: contextInitialized()
29-Dec-2025 12:41:22.553 INFO [main] org.apache.catalina.core.ApplicationContext.log ContextListener: attributeAdded('StockTicker', 'async.Stockticker@45c2c396')
29-Dec-2025 12:43:57.635 INFO [main] org.apache.catalina.core.ApplicationContext.log SessionListener: contextDestroyed()
29-Dec-2025 12:43:57.635 INFO [main] org.apache.catalina.core.ApplicationContext.log ContextListener: contextDestroyed()
29-Dec-2025 12:44:12.968 INFO [main] org.apache.catalina.core.ApplicationContext.log ContextListener: contextInitialized()
29-Dec-2025 12:44:12.969 INFO [main] org.apache.catalina.core.ApplicationContext.log SessionListener: contextInitialized()
29-Dec-2025 12:44:12.973 INFO [main] org.apache.catalina.core.ApplicationContext.log ContextListener: attributeAdded('StockTicker', 'async.Stockticker@45c2c396')
29-Dec-2025 22:12:47.121 INFO [main] org.apache.catalina.core.ApplicationContext.log ContextListener: contextInitialized()
29-Dec-2025 22:12:47.121 INFO [main] org.apache.catalina.core.ApplicationContext.log SessionListener: contextInitialized()
29-Dec-2025 22:12:47.122 INFO [main] org.apache.catalina.core.ApplicationContext.log ContextListener: attributeAdded('StockTicker', 'async.Stockticker@32c08610')
29-Dec-2025 23:24:38.329 INFO [main] org.apache.catalina.core.ApplicationContext.log ContextListener: contextInitialized()
29-Dec-2025 23:24:38.329 INFO [main] org.apache.catalina.core.ApplicationContext.log SessionListener: contextInitialized()
29-Dec-2025 23:24:38.331 INFO [main] org.apache.catalina.core.ApplicationContext.log ContextListener: attributeAdded('StockTicker', 'async.Stockticker@5470753a')
